<?xml version="1.0" encoding="UTF-8"?>
<testsuite name="com.tabledb.core.AppIntegrationBasicTest" tests="6" skipped="0" failures="0" errors="0" timestamp="2025-01-12T16:08:42" hostname="RX297RV65C" time="0.029">
  <properties/>
  <testcase name="testCreateTable()" classname="com.tabledb.core.AppIntegrationBasicTest" time="0.017"/>
  <testcase name="testInsertIntoTable()" classname="com.tabledb.core.AppIntegrationBasicTest" time="0.002"/>
  <testcase name="testDeleteRows()" classname="com.tabledb.core.AppIntegrationBasicTest" time="0.003"/>
  <testcase name="testSelectRows()" classname="com.tabledb.core.AppIntegrationBasicTest" time="0.001"/>
  <testcase name="testUpdateRows()" classname="com.tabledb.core.AppIntegrationBasicTest" time="0.003"/>
  <testcase name="testShowTables()" classname="com.tabledb.core.AppIntegrationBasicTest" time="0.001"/>
  <system-out><![CDATA[]]></system-out>
  <system-err><![CDATA[]]></system-err>
</testsuite>
